<?xml version="1.0" encoding="UTF-8"?>
<!-- Generated by org.testng.reporters.JUnitReportReporter -->
<testsuite skipped="0" hostname="DESKTOP-B950H5V" name="testcase.WebView" tests="1" failures="0" timestamp="2020-09-16T16:06:16 IST" time="265.739" errors="0">
  <testcase name="TC03_call" time="265.739" classname="testcase.WebView"/>
  <system-out/>
</testsuite> <!-- testcase.WebView -->
