<?xml version="1.0" encoding="UTF-8"?>
<!-- Generated by org.testng.reporters.JUnitReportReporter -->
<testsuite skipped="0" hostname="DESKTOP-B950H5V" name="testcase.SelectCourse" tests="1" failures="0" timestamp="2020-09-16T13:16:32 IST" time="23.440" errors="0">
  <testcase name="select_course" time="23.440" classname="testcase.SelectCourse"/>
  <system-out/>
</testsuite> <!-- testcase.SelectCourse -->
