<?xml version="1.0" encoding="UTF-8"?>
<!-- Generated by org.testng.reporters.JUnitReportReporter -->
<testsuite skipped="0" hostname="DESKTOP-B950H5V" name="testcase.OpenApplication" tests="2" failures="0" timestamp="2020-09-16T16:06:15 IST" time="113.997" errors="0">
  <testcase name="openApp" time="52.285" classname="testcase.OpenApplication"/>
  <system-out/>
  <testcase name="signIn" time="61.712" classname="testcase.OpenApplication"/>
  <system-out/>
</testsuite> <!-- testcase.OpenApplication -->
